c:\users\zoint\desktop\allfiles\projeler\cplusprojects\localdiscoveryserver\localdiscovery\localdiscovery\debug\localdiscovery.pch
c:\users\zoint\desktop\allfiles\projeler\cplusprojects\localdiscoveryserver\localdiscovery\localdiscovery\debug\vc140.pdb
c:\users\zoint\desktop\allfiles\projeler\cplusprojects\localdiscoveryserver\localdiscovery\localdiscovery\debug\vc140.idb
c:\users\zoint\desktop\allfiles\projeler\cplusprojects\localdiscoveryserver\localdiscovery\localdiscovery\debug\stdafx.obj
c:\users\zoint\desktop\allfiles\projeler\cplusprojects\localdiscoveryserver\localdiscovery\localdiscovery\debug\localdiscovery.obj
c:\users\zoint\desktop\allfiles\projeler\cplusprojects\localdiscoveryserver\localdiscovery\localdiscovery\debug\logging.obj
c:\users\zoint\desktop\allfiles\projeler\cplusprojects\localdiscoveryserver\localdiscovery\localdiscovery\debug\localdiscoverybase.obj
c:\users\zoint\desktop\allfiles\projeler\cplusprojects\localdiscoveryserver\localdiscovery\localdiscovery\debug\localdiscoveryservice.obj
c:\users\zoint\desktop\allfiles\projeler\cplusprojects\localdiscoveryserver\localdiscovery\debug\localdiscovery.ilk
c:\users\zoint\desktop\allfiles\projeler\cplusprojects\localdiscoveryserver\localdiscovery\debug\localdiscovery.exe
c:\users\zoint\desktop\allfiles\projeler\cplusprojects\localdiscoveryserver\localdiscovery\debug\localdiscovery.pdb
c:\users\zoint\desktop\allfiles\projeler\cplusprojects\localdiscoveryserver\localdiscovery\localdiscovery\debug\localdiscovery.tlog\cl.command.1.tlog
c:\users\zoint\desktop\allfiles\projeler\cplusprojects\localdiscoveryserver\localdiscovery\localdiscovery\debug\localdiscovery.tlog\cl.read.1.tlog
c:\users\zoint\desktop\allfiles\projeler\cplusprojects\localdiscoveryserver\localdiscovery\localdiscovery\debug\localdiscovery.tlog\cl.write.1.tlog
c:\users\zoint\desktop\allfiles\projeler\cplusprojects\localdiscoveryserver\localdiscovery\localdiscovery\debug\localdiscovery.tlog\link-cvtres.read.1.tlog
c:\users\zoint\desktop\allfiles\projeler\cplusprojects\localdiscoveryserver\localdiscovery\localdiscovery\debug\localdiscovery.tlog\link-cvtres.write.1.tlog
c:\users\zoint\desktop\allfiles\projeler\cplusprojects\localdiscoveryserver\localdiscovery\localdiscovery\debug\localdiscovery.tlog\link-rc.read.1.tlog
c:\users\zoint\desktop\allfiles\projeler\cplusprojects\localdiscoveryserver\localdiscovery\localdiscovery\debug\localdiscovery.tlog\link-rc.write.1.tlog
c:\users\zoint\desktop\allfiles\projeler\cplusprojects\localdiscoveryserver\localdiscovery\localdiscovery\debug\localdiscovery.tlog\link.23992-cvtres.read.1.tlog
c:\users\zoint\desktop\allfiles\projeler\cplusprojects\localdiscoveryserver\localdiscovery\localdiscovery\debug\localdiscovery.tlog\link.23992-cvtres.write.1.tlog
c:\users\zoint\desktop\allfiles\projeler\cplusprojects\localdiscoveryserver\localdiscovery\localdiscovery\debug\localdiscovery.tlog\link.23992-rc.read.1.tlog
c:\users\zoint\desktop\allfiles\projeler\cplusprojects\localdiscoveryserver\localdiscovery\localdiscovery\debug\localdiscovery.tlog\link.23992-rc.write.1.tlog
c:\users\zoint\desktop\allfiles\projeler\cplusprojects\localdiscoveryserver\localdiscovery\localdiscovery\debug\localdiscovery.tlog\link.23992.read.1.tlog
c:\users\zoint\desktop\allfiles\projeler\cplusprojects\localdiscoveryserver\localdiscovery\localdiscovery\debug\localdiscovery.tlog\link.23992.write.1.tlog
c:\users\zoint\desktop\allfiles\projeler\cplusprojects\localdiscoveryserver\localdiscovery\localdiscovery\debug\localdiscovery.tlog\link.command.1.tlog
c:\users\zoint\desktop\allfiles\projeler\cplusprojects\localdiscoveryserver\localdiscovery\localdiscovery\debug\localdiscovery.tlog\link.read.1.tlog
c:\users\zoint\desktop\allfiles\projeler\cplusprojects\localdiscoveryserver\localdiscovery\localdiscovery\debug\localdiscovery.tlog\link.write.1.tlog
